Added Component: Designator=IC?(SOP65P490X110-8N)
Add component (AddParameter): Name = "Arrow Part Number"; Value = ""; VariantName = "[No Variations]"
Add component (AddParameter): Name = "Arrow Price/Stock"; Value = ""; VariantName = "[No Variations]"
Add component (AddParameter): Name = "Datasheet Link"; Value = "https://fscdn.rohm.com/en/products/databook/datasheet/ic/amp_linear/opamp/lm358f-e.pdf"; VariantName = "[No Variations]"
Add component (AddParameter): Name = "Height"; Value = "1.1mm"; VariantName = "[No Variations]"
Add component (AddParameter): Name = "Manufacturer_Name"; Value = "ROHM Semiconductor"; VariantName = "[No Variations]"
Add component (AddParameter): Name = "Manufacturer_Part_Number"; Value = "LM358FVJ-E2"; VariantName = "[No Variations]"
Add component (AddParameter): Name = "Mouser Part Number"; Value = "755-LM358FVJ-E2"; VariantName = "[No Variations]"
Add component (AddParameter): Name = "Mouser Price/Stock"; Value = "https://www.mouser.co.uk/ProductDetail/ROHM-Semiconductor/LM358FVJ-E2?qs=4v%252BiZTmLVHEps3y6sLZQgg%3D%3D"; VariantName = "[No Variations]"
Added Component: Designator=Z?(SOD3716X135N)
Add component (AddParameter): Name = "Arrow Part Number"; Value = "BZT52C4V7-E3-08"; VariantName = "[No Variations]"
Add component (AddParameter): Name = "Arrow Price/Stock"; Value = "https://www.arrow.com/en/products/bzt52c4v7-e3-08/vishay"; VariantName = "[No Variations]"
Add component (AddParameter): Name = "Datasheet Link"; Value = "https://www.arrow.com/en/products/bzt52c4v7-e3-08/vishay"; VariantName = "[No Variations]"
Add component (AddParameter): Name = "Height"; Value = "1.35mm"; VariantName = "[No Variations]"
Add component (AddParameter): Name = "Manufacturer_Name"; Value = "Vishay"; VariantName = "[No Variations]"
Add component (AddParameter): Name = "Manufacturer_Part_Number"; Value = "BZT52C4V7-E3-08"; VariantName = "[No Variations]"
Add component (AddParameter): Name = "Mouser Part Number"; Value = "78-BZT52C4V7-E3-08"; VariantName = "[No Variations]"
Add component (AddParameter): Name = "Mouser Price/Stock"; Value = "https://www.mouser.co.uk/ProductDetail/Vishay-Semiconductors/BZT52C4V7-E3-08?qs=KP8Io%2FXyE5QGkCdlrdvYmA%3D%3D"; VariantName = "[No Variations]"
Added Pin To Net: NetName=NetIC?_1 Pin=IC?-1
Added Pin To Net: NetName=NetIC?_2 Pin=IC?-2
Added Pin To Net: NetName=NetIC?_3 Pin=IC?-3
Added Pin To Net: NetName=GND Pin=IC?-4
Added Pin To Net: NetName=VCC Pin=IC?-8
Added Pin To Net: NetName=NetIC?_3 Pin=Z?-1
Added Pin To Net: NetName=GND Pin=Z?-2
Added Member To Class: ClassName=EE579_Skittles_sch Member=Component IC? LM358FVJ-E2
Added Member To Class: ClassName=EE579_Skittles_sch Member=Component J? PH1-04-UA
Added Member To Class: ClassName=EE579_Skittles_sch Member=Component J? START
Added Member To Class: ClassName=EE579_Skittles_sch Member=Component R? ERJ-PB6B3002V
Added Member To Class: ClassName=EE579_Skittles_sch Member=Component R? ERJ-PB6B3002V
Added Member To Class: ClassName=EE579_Skittles_sch Member=Component R? ERJ-PB6B3002V
Added Member To Class: ClassName=EE579_Skittles_sch Member=Component Z? BZT52C4V7-E3-08
