Add Component: Footprint Not Found RHDR6W97P0X254_1X6_1574X250X865P
Add Component: Footprint Not Found RHDR6W97P0X254_1X6_1574X250X865P
Added Component: Designator=R?(RESC2012X70N)
Add component (AddParameter): Name = "Arrow Part Number"; Value = "ERJ-PB6B3002V"; VariantName = "[No Variations]"
Add component (AddParameter): Name = "Arrow Price/Stock"; Value = "https://www.arrow.com/en/products/erj-pb6b3002v/panasonic?region=nac"; VariantName = "[No Variations]"
Add component (AddParameter): Name = "Datasheet Link"; Value = "https://componentsearchengine.com/Datasheets/1/ERJ-PB6B3002V.pdf"; VariantName = "[No Variations]"
Add component (AddParameter): Name = "Height"; Value = "0.7mm"; VariantName = "[No Variations]"
Add component (AddParameter): Name = "Manufacturer_Name"; Value = "Panasonic"; VariantName = "[No Variations]"
Add component (AddParameter): Name = "Manufacturer_Part_Number"; Value = "ERJ-PB6B3002V"; VariantName = "[No Variations]"
Add component (AddParameter): Name = "Mouser Part Number"; Value = "667-ERJ-PB6B3002V"; VariantName = "[No Variations]"
Add component (AddParameter): Name = "Mouser Price/Stock"; Value = "https://www.mouser.co.uk/ProductDetail/Panasonic/ERJ-PB6B3002V?qs=eFOtW6xYNWHxFAxx7HWdpg%3D%3D"; VariantName = "[No Variations]"
Added Component: Designator=R?(RESC2012X70N)
Add component (AddParameter): Name = "Arrow Part Number"; Value = "ERJ-PB6B3002V"; VariantName = "[No Variations]"
Add component (AddParameter): Name = "Arrow Price/Stock"; Value = "https://www.arrow.com/en/products/erj-pb6b3002v/panasonic?region=nac"; VariantName = "[No Variations]"
Add component (AddParameter): Name = "Datasheet Link"; Value = "https://componentsearchengine.com/Datasheets/1/ERJ-PB6B3002V.pdf"; VariantName = "[No Variations]"
Add component (AddParameter): Name = "Height"; Value = "0.7mm"; VariantName = "[No Variations]"
Add component (AddParameter): Name = "Manufacturer_Name"; Value = "Panasonic"; VariantName = "[No Variations]"
Add component (AddParameter): Name = "Manufacturer_Part_Number"; Value = "ERJ-PB6B3002V"; VariantName = "[No Variations]"
Add component (AddParameter): Name = "Mouser Part Number"; Value = "667-ERJ-PB6B3002V"; VariantName = "[No Variations]"
Add component (AddParameter): Name = "Mouser Price/Stock"; Value = "https://www.mouser.co.uk/ProductDetail/Panasonic/ERJ-PB6B3002V?qs=eFOtW6xYNWHxFAxx7HWdpg%3D%3D"; VariantName = "[No Variations]"
Added Component: Designator=R?(RESC2012X70N)
Add component (AddParameter): Name = "Arrow Part Number"; Value = "ERJ-PB6B3002V"; VariantName = "[No Variations]"
Add component (AddParameter): Name = "Arrow Price/Stock"; Value = "https://www.arrow.com/en/products/erj-pb6b3002v/panasonic?region=nac"; VariantName = "[No Variations]"
Add component (AddParameter): Name = "Datasheet Link"; Value = "https://componentsearchengine.com/Datasheets/1/ERJ-PB6B3002V.pdf"; VariantName = "[No Variations]"
Add component (AddParameter): Name = "Height"; Value = "0.7mm"; VariantName = "[No Variations]"
Add component (AddParameter): Name = "Manufacturer_Name"; Value = "Panasonic"; VariantName = "[No Variations]"
Add component (AddParameter): Name = "Manufacturer_Part_Number"; Value = "ERJ-PB6B3002V"; VariantName = "[No Variations]"
Add component (AddParameter): Name = "Mouser Part Number"; Value = "667-ERJ-PB6B3002V"; VariantName = "[No Variations]"
Add component (AddParameter): Name = "Mouser Price/Stock"; Value = "https://www.mouser.co.uk/ProductDetail/Panasonic/ERJ-PB6B3002V?qs=eFOtW6xYNWHxFAxx7HWdpg%3D%3D"; VariantName = "[No Variations]"
Added Component: Designator=R?(RESC2012X70N)
Add component (AddParameter): Name = "Arrow Part Number"; Value = "ERJ-PB6B3002V"; VariantName = "[No Variations]"
Add component (AddParameter): Name = "Arrow Price/Stock"; Value = "https://www.arrow.com/en/products/erj-pb6b3002v/panasonic?region=nac"; VariantName = "[No Variations]"
Add component (AddParameter): Name = "Datasheet Link"; Value = "https://componentsearchengine.com/Datasheets/1/ERJ-PB6B3002V.pdf"; VariantName = "[No Variations]"
Add component (AddParameter): Name = "Height"; Value = "0.7mm"; VariantName = "[No Variations]"
Add component (AddParameter): Name = "Manufacturer_Name"; Value = "Panasonic"; VariantName = "[No Variations]"
Add component (AddParameter): Name = "Manufacturer_Part_Number"; Value = "ERJ-PB6B3002V"; VariantName = "[No Variations]"
Add component (AddParameter): Name = "Mouser Part Number"; Value = "667-ERJ-PB6B3002V"; VariantName = "[No Variations]"
Add component (AddParameter): Name = "Mouser Price/Stock"; Value = "https://www.mouser.co.uk/ProductDetail/Panasonic/ERJ-PB6B3002V?qs=eFOtW6xYNWHxFAxx7HWdpg%3D%3D"; VariantName = "[No Variations]"
Added Component: Designator=R?(RESC2012X70N)
Add component (AddParameter): Name = "Arrow Part Number"; Value = "ERJ-PB6B3002V"; VariantName = "[No Variations]"
Add component (AddParameter): Name = "Arrow Price/Stock"; Value = "https://www.arrow.com/en/products/erj-pb6b3002v/panasonic?region=nac"; VariantName = "[No Variations]"
Add component (AddParameter): Name = "Datasheet Link"; Value = "https://componentsearchengine.com/Datasheets/1/ERJ-PB6B3002V.pdf"; VariantName = "[No Variations]"
Add component (AddParameter): Name = "Height"; Value = "0.7mm"; VariantName = "[No Variations]"
Add component (AddParameter): Name = "Manufacturer_Name"; Value = "Panasonic"; VariantName = "[No Variations]"
Add component (AddParameter): Name = "Manufacturer_Part_Number"; Value = "ERJ-PB6B3002V"; VariantName = "[No Variations]"
Add component (AddParameter): Name = "Mouser Part Number"; Value = "667-ERJ-PB6B3002V"; VariantName = "[No Variations]"
Add component (AddParameter): Name = "Mouser Price/Stock"; Value = "https://www.mouser.co.uk/ProductDetail/Panasonic/ERJ-PB6B3002V?qs=eFOtW6xYNWHxFAxx7HWdpg%3D%3D"; VariantName = "[No Variations]"
Added Pin To Net: NetName=GND Pin=R?-1
Added Pin To Net: NetName=GND Pin=R?-1
Added Pin To Net: NetName=GND Pin=R?-1
Added Pin To Net: NetName=NetJ?_3 Pin=J?-3
Added Pin To Net: NetName=NetJ?_3 Pin=R?-2
Added Net: Name=NetJ?_3
Add Net: Net with name "NetJ?_3" already exists
Add Net: Net with name "NetJ?_3" already exists
Added Pin To Net: NetName=NetR?_1 Pin=R?-1
Added Pin To Net: NetName=NetR?_1 Pin=R?-2
Added Net: Name=NetR?_1
Add Net: Net with name "NetR?_1" already exists
Add Net: Net with name "NetR?_1" already exists
Added Member To Class: ClassName=EE579_Skittles_sch Member=Component C? 21A106KQFNNNG
Added Member To Class: ClassName=EE579_Skittles_sch Member=Component C? CL21B105KPFNNNE
Added Member To Class: ClassName=EE579_Skittles_sch Member=Component J? 61300611821
Added Member To Class: ClassName=EE579_Skittles_sch Member=Component J? B2B-PH-K-S_LF__SN_
Added Member To Class: ClassName=EE579_Skittles_sch Member=Component J? MSP430G2553 IC Socket
Added Member To Class: ClassName=EE579_Skittles_sch Member=Component J? B3B-XH-A__LF__SN_
Added Member To Class: ClassName=EE579_Skittles_sch Member=Component J? Ultra_B
Added Member To Class: ClassName=EE579_Skittles_sch Member=Component J? 61300611821
Added Member To Class: ClassName=EE579_Skittles_sch Member=Component J? Ultra_A
Added Member To Class: ClassName=EE579_Skittles_sch Member=Component J? B2B-PH-K-S_LF__SN_
Added Member To Class: ClassName=EE579_Skittles_sch Member=Component J? Ultra_C
Added Member To Class: ClassName=EE579_Skittles_sch Member=Component R? ERJ-PB6B3002V
Added Member To Class: ClassName=EE579_Skittles_sch Member=Component R? ERJ-PB6B3002V
Added Member To Class: ClassName=EE579_Skittles_sch Member=Component R? ERJ-PB6B3002V
Added Member To Class: ClassName=EE579_Skittles_sch Member=Component R? ERJ-PB6B3002V
Added Member To Class: ClassName=EE579_Skittles_sch Member=Component R? ERJ-PB6B3002V
