Add Component: Footprint Not Found RESC2012X60N
Add Component: Footprint Not Found RESC2012X60N
Add Component: Footprint Not Found RESC2012X60N
Add Component: Footprint Not Found RESC2012X60N
Add Component: Footprint Not Found RESC2012X60N
Add Component: Footprint Not Found RESC2012X60N
Add Component: Footprint Not Found RESC2012X60N
Add Pin To Net: Unknown Pin: Pin R?-1
Add Pin To Net: Unknown Pin: Pin R?-1
Add Pin To Net: Unknown Pin: Pin R?-1
Add Pin To Net: Unknown Pin: Pin R?-1
Add Pin To Net: Unknown Pin: Pin R?-2
Add Pin To Net: Unknown Pin: Pin R?-2
Add Net: Net with name "NetJ?_3" already exists
Add Net: Net with name "NetR?_1" already exists
Add Net: Net with name "NetR?_1" already exists
Added Member To Class: ClassName=EE579_Skittles_sch Member=Component C? 21A106KQFNNNG
Added Member To Class: ClassName=EE579_Skittles_sch Member=Component C? CL21B105KPFNNNE
Added Member To Class: ClassName=EE579_Skittles_sch Member=Component J? B2B-PH-K-S_LF__SN_
Added Member To Class: ClassName=EE579_Skittles_sch Member=Component J? Ultra_B
Added Member To Class: ClassName=EE579_Skittles_sch Member=Component J? Ultra_C
Added Member To Class: ClassName=EE579_Skittles_sch Member=Component J? MSP430G2553 IC Socket
Added Member To Class: ClassName=EE579_Skittles_sch Member=Component J? B2B-PH-K-S_LF__SN_
Added Member To Class: ClassName=EE579_Skittles_sch Member=Component J? B3B-XH-A__LF__SN_
Added Member To Class: ClassName=EE579_Skittles_sch Member=Component J? Ultra_A
Add Class Member: Failed to add class member : Component R? CHP0805AFX-5600ELF
Add Class Member: Failed to add class member : Component R? CHP0805AFX-5600ELF
Add Class Member: Failed to add class member : Component R? CHP0805AFX-5600ELF
Add Class Member: Failed to add class member : Component R? CHP0805AFX-5600ELF
Add Class Member: Failed to add class member : Component R? CHP0805AFX-5600ELF
Add Class Member: Failed to add class member : Component R? CHP0805AFX-5600ELF
Add Class Member: Failed to add class member : Component R? CHP0805AFX-5600ELF
