Add Component: Footprint Not Found RHDR6W97P0X254_1X6_1574X250X865P
Add Component: Footprint Not Found RHDR6W97P0X254_1X6_1574X250X865P
Add Net: Net with name "NetJ?_3" already exists
Add Net: Net with name "NetJ?_3" already exists
Add Net: Net with name "NetR?_1" already exists
Add Net: Net with name "NetR?_1" already exists
Added Member To Class: ClassName=EE579_Skittles_sch Member=Component C? 21A106KQFNNNG
Added Member To Class: ClassName=EE579_Skittles_sch Member=Component C? CL21B105KPFNNNE
Added Member To Class: ClassName=EE579_Skittles_sch Member=Component J? 61300611821
Added Member To Class: ClassName=EE579_Skittles_sch Member=Component J? B2B-PH-K-S_LF__SN_
Added Member To Class: ClassName=EE579_Skittles_sch Member=Component J? MSP430G2553 IC Socket
Added Member To Class: ClassName=EE579_Skittles_sch Member=Component J? B3B-XH-A__LF__SN_
Added Member To Class: ClassName=EE579_Skittles_sch Member=Component J? Ultra_B
Added Member To Class: ClassName=EE579_Skittles_sch Member=Component J? 61300611821
Added Member To Class: ClassName=EE579_Skittles_sch Member=Component J? Ultra_A
Added Member To Class: ClassName=EE579_Skittles_sch Member=Component J? B2B-PH-K-S_LF__SN_
Added Member To Class: ClassName=EE579_Skittles_sch Member=Component J? Ultra_C
Added Member To Class: ClassName=EE579_Skittles_sch Member=Component R? ERJ-PB6B3002V
Added Member To Class: ClassName=EE579_Skittles_sch Member=Component R? ERJ-PB6B3002V
Added Member To Class: ClassName=EE579_Skittles_sch Member=Component R? ERJ-PB6B3002V
Added Member To Class: ClassName=EE579_Skittles_sch Member=Component R? ERJ-PB6B3002V
Added Member To Class: ClassName=EE579_Skittles_sch Member=Component R? ERJ-PB6B3002V
